# JRE version: OpenJDK Runtime Environment (7.0_91-b02) (build 1.7.0_91-b02)
# Java VM: OpenJDK 64-Bit Server VM (24.91-b01 mixed mode linux-amd64 compressed oops)
Heap
 PSYoungGen      total 322560K, used 205778K [0x00000000eaa80000, 0x00000000ffe80000, 0x0000000100000000)
  eden space 297984K, 69% used [0x00000000eaa80000,0x00000000f7374918,0x00000000fcd80000)
  from space 24576K, 0% used [0x00000000fe680000,0x00000000fe680000,0x00000000ffe80000)
  to   space 25088K, 0% used [0x00000000fcd80000,0x00000000fcd80000,0x00000000fe600000)
 ParOldGen       total 169472K, used 33788K [0x00000000c0000000, 0x00000000ca580000, 0x00000000eaa80000)
  object space 169472K, 19% used [0x00000000c0000000,0x00000000c20ff200,0x00000000ca580000)
 PSPermGen       total 91648K, used 46812K [0x00000000b0000000, 0x00000000b5980000, 0x00000000c0000000)
  object space 91648K, 51% used [0x00000000b0000000,0x00000000b2db7018,0x00000000b5980000)
GC Heap History (10 events):
Event: 8,347 GC heap before
{Heap before GC invocations=5 (full 0):
 PSYoungGen      total 139264K, used 139259K [0x00000000eaa80000, 0x00000000f3c80000, 0x0000000100000000)
  eden space 129024K, 100% used [0x00000000eaa80000,0x00000000f2880000,0x00000000f2880000)
  from space 10240K, 99% used [0x00000000f3280000,0x00000000f3c7ef60,0x00000000f3c80000)
  to   space 10240K, 0% used [0x00000000f2880000,0x00000000f2880000,0x00000000f3280000)
 ParOldGen       total 169472K, used 6757K [0x00000000c0000000, 0x00000000ca580000, 0x00000000eaa80000)
  object space 169472K, 3% used [0x00000000c0000000,0x00000000c0699450,0x00000000ca580000)
 PSPermGen       total 35328K, used 34844K [0x00000000b0000000, 0x00000000b2280000, 0x00000000c0000000)
  object space 35328K, 98% used [0x00000000b0000000,0x00000000b22070f8,0x00000000b2280000)
Event: 8,401 GC heap after
Heap after GC invocations=5 (full 0):
 PSYoungGen      total 139264K, used 10212K [0x00000000eaa80000, 0x00000000fd780000, 0x0000000100000000)
  eden space 129024K, 0% used [0x00000000eaa80000,0x00000000eaa80000,0x00000000f2880000)
  from space 10240K, 99% used [0x00000000f2880000,0x00000000f3279020,0x00000000f3280000)
  to   space 25088K, 0% used [0x00000000fbf00000,0x00000000fbf00000,0x00000000fd780000)
 ParOldGen       total 169472K, used 22783K [0x00000000c0000000, 0x00000000ca580000, 0x00000000eaa80000)
  object space 169472K, 13% used [0x00000000c0000000,0x00000000c163fe58,0x00000000ca580000)
 PSPermGen       total 35328K, used 34844K [0x00000000b0000000, 0x00000000b2280000, 0x00000000c0000000)
  object space 35328K, 98% used [0x00000000b0000000,0x00000000b22070f8,0x00000000b2280000)
}
Event: 11,177 GC heap before
{Heap before GC invocations=6 (full 0):
 PSYoungGen      total 139264K, used 139236K [0x00000000eaa80000, 0x00000000fd780000, 0x0000000100000000)
  eden space 129024K, 100% used [0x00000000eaa80000,0x00000000f2880000,0x00000000f2880000)
  from space 10240K, 99% used [0x00000000f2880000,0x00000000f3279020,0x00000000f3280000)
  to   space 25088K, 0% used [0x00000000fbf00000,0x00000000fbf00000,0x00000000fd780000)
 ParOldGen       total 169472K, used 22783K [0x00000000c0000000, 0x00000000ca580000, 0x00000000eaa80000)
  object space 169472K, 13% used [0x00000000c0000000,0x00000000c163fe58,0x00000000ca580000)
 PSPermGen       total 39936K, used 39714K [0x00000000b0000000, 0x00000000b2700000, 0x00000000c0000000)
  object space 39936K, 99% used [0x00000000b0000000,0x00000000b26c8b70,0x00000000b2700000)
Event: 11,223 GC heap after
Heap after GC invocations=6 (full 0):
 PSYoungGen      total 281600K, used 20091K [0x00000000eaa80000, 0x00000000fda80000, 0x0000000100000000)
  eden space 256512K, 0% used [0x00000000eaa80000,0x00000000eaa80000,0x00000000fa500000)
  from space 25088K, 80% used [0x00000000fbf00000,0x00000000fd29ed60,0x00000000fd780000)
  to   space 26624K, 0% used [0x00000000fa500000,0x00000000fa500000,0x00000000fbf00000)
 ParOldGen       total 169472K, used 22791K [0x00000000c0000000, 0x00000000ca580000, 0x00000000eaa80000)
  object space 169472K, 13% used [0x00000000c0000000,0x00000000c1641e58,0x00000000ca580000)
 PSPermGen       total 39936K, used 39714K [0x00000000b0000000, 0x00000000b2700000, 0x00000000c0000000)
  object space 39936K, 99% used [0x00000000b0000000,0x00000000b26c8b70,0x00000000b2700000)
}
Event: 14,496 GC heap before
{Heap before GC invocations=7 (full 0):
 PSYoungGen      total 281600K, used 276603K [0x00000000eaa80000, 0x00000000fda80000, 0x0000000100000000)
  eden space 256512K, 100% used [0x00000000eaa80000,0x00000000fa500000,0x00000000fa500000)
  from space 25088K, 80% used [0x00000000fbf00000,0x00000000fd29ed60,0x00000000fd780000)
  to   space 26624K, 0% used [0x00000000fa500000,0x00000000fa500000,0x00000000fbf00000)
 ParOldGen       total 169472K, used 22791K [0x00000000c0000000, 0x00000000ca580000, 0x00000000eaa80000)
  object space 169472K, 13% used [0x00000000c0000000,0x00000000c1641e58,0x00000000ca580000)
 PSPermGen       total 44032K, used 43731K [0x00000000b0000000, 0x00000000b2b00000, 0x00000000c0000000)
  object space 44032K, 99% used [0x00000000b0000000,0x00000000b2ab4e38,0x00000000b2b00000)
Event: 14,550 GC heap after
Heap after GC invocations=7 (full 0):
 PSYoungGen      total 283136K, used 17400K [0x00000000eaa80000, 0x0000000100000000, 0x0000000100000000)
  eden space 256512K, 0% used [0x00000000eaa80000,0x00000000eaa80000,0x00000000fa500000)
  from space 26624K, 65% used [0x00000000fa500000,0x00000000fb5fe3b8,0x00000000fbf00000)
  to   space 26112K, 0% used [0x00000000fe680000,0x00000000fe680000,0x0000000100000000)
 ParOldGen       total 169472K, used 27316K [0x00000000c0000000, 0x00000000ca580000, 0x00000000eaa80000)
  object space 169472K, 16% used [0x00000000c0000000,0x00000000c1aad308,0x00000000ca580000)
 PSPermGen       total 44032K, used 43731K [0x00000000b0000000, 0x00000000b2b00000, 0x00000000c0000000)
  object space 44032K, 99% used [0x00000000b0000000,0x00000000b2ab4e38,0x00000000b2b00000)
}
Event: 15,965 GC heap before
{Heap before GC invocations=8 (full 0):
 PSYoungGen      total 283136K, used 70874K [0x00000000eaa80000, 0x0000000100000000, 0x0000000100000000)
  eden space 256512K, 20% used [0x00000000eaa80000,0x00000000edeb86e0,0x00000000fa500000)
  from space 26624K, 65% used [0x00000000fa500000,0x00000000fb5fe3b8,0x00000000fbf00000)
  to   space 26112K, 0% used [0x00000000fe680000,0x00000000fe680000,0x0000000100000000)
 ParOldGen       total 169472K, used 27316K [0x00000000c0000000, 0x00000000ca580000, 0x00000000eaa80000)
  object space 169472K, 16% used [0x00000000c0000000,0x00000000c1aad308,0x00000000ca580000)
 PSPermGen       total 46080K, used 45689K [0x00000000b0000000, 0x00000000b2d00000, 0x00000000c0000000)
  object space 46080K, 99% used [0x00000000b0000000,0x00000000b2c9e658,0x00000000b2d00000)
Event: 16,010 GC heap after
Heap after GC invocations=8 (full 0):
 PSYoungGen      total 322560K, used 14612K [0x00000000eaa80000, 0x00000000ffe80000, 0x0000000100000000)
  eden space 297984K, 0% used [0x00000000eaa80000,0x00000000eaa80000,0x00000000fcd80000)
  from space 24576K, 59% used [0x00000000fe680000,0x00000000ff4c51e0,0x00000000ffe80000)
  to   space 25088K, 0% used [0x00000000fcd80000,0x00000000fcd80000,0x00000000fe600000)
 ParOldGen       total 169472K, used 29828K [0x00000000c0000000, 0x00000000ca580000, 0x00000000eaa80000)
  object space 169472K, 17% used [0x00000000c0000000,0x00000000c1d21368,0x00000000ca580000)
 PSPermGen       total 46080K, used 45689K [0x00000000b0000000, 0x00000000b2d00000, 0x00000000c0000000)
  object space 46080K, 99% used [0x00000000b0000000,0x00000000b2c9e658,0x00000000b2d00000)
}
Event: 16,010 GC heap before
{Heap before GC invocations=9 (full 1):
 PSYoungGen      total 322560K, used 14612K [0x00000000eaa80000, 0x00000000ffe80000, 0x0000000100000000)
  eden space 297984K, 0% used [0x00000000eaa80000,0x00000000eaa80000,0x00000000fcd80000)
  from space 24576K, 59% used [0x00000000fe680000,0x00000000ff4c51e0,0x00000000ffe80000)
  to   space 25088K, 0% used [0x00000000fcd80000,0x00000000fcd80000,0x00000000fe600000)
 ParOldGen       total 169472K, used 29828K [0x00000000c0000000, 0x00000000ca580000, 0x00000000eaa80000)
  object space 169472K, 17% used [0x00000000c0000000,0x00000000c1d21368,0x00000000ca580000)
 PSPermGen       total 46080K, used 45689K [0x00000000b0000000, 0x00000000b2d00000, 0x00000000c0000000)
  object space 46080K, 99% used [0x00000000b0000000,0x00000000b2c9e658,0x00000000b2d00000)
Event: 16,373 GC heap after
Heap after GC invocations=9 (full 1):
 PSYoungGen      total 322560K, used 0K [0x00000000eaa80000, 0x00000000ffe80000, 0x0000000100000000)
  eden space 297984K, 0% used [0x00000000eaa80000,0x00000000eaa80000,0x00000000fcd80000)
  from space 24576K, 0% used [0x00000000fe680000,0x00000000fe680000,0x00000000ffe80000)
  to   space 25088K, 0% used [0x00000000fcd80000,0x00000000fcd80000,0x00000000fe600000)
 ParOldGen       total 169472K, used 33788K [0x00000000c0000000, 0x00000000ca580000, 0x00000000eaa80000)
  object space 169472K, 19% used [0x00000000c0000000,0x00000000c20ff200,0x00000000ca580000)
 PSPermGen       total 91648K, used 45664K [0x00000000b0000000, 0x00000000b5980000, 0x00000000c0000000)
  object space 91648K, 49% used [0x00000000b0000000,0x00000000b2c981a0,0x00000000b5980000)
}

